<?xml version="1.0" encoding="UTF-8" standalone="no"?>
<!DOCTYPE log SYSTEM "logger.dtd">
<log>
<record>
  <date>2017-02-15T16:04:52.420-0300</date>
  <logger>ADBYS JOSE VASCONCELOS DE ANDRADE</logger>
  <level>FINE</level>
  <message>File 116110498-ADBYS JOSE VASCONCELOS DE ANDRADE.zip was received. It was sent by ADBYS JOSE VASCONCELOS DE ANDRADE from IP 192.168.1.140</message>
</record>
</log>
<?xml version="1.0" encoding="UTF-8" standalone="no"?>
<!DOCTYPE log SYSTEM "logger.dtd">
<log>
<record>
  <date>2017-02-15T20:13:44.435-0300</date>
  <logger>ADBYS JOSE VASCONCELOS DE ANDRADE</logger>
  <level>FINE</level>
  <message>File 116110498-ADBYS JOSE VASCONCELOS DE ANDRADE.zip was received. It was sent by ADBYS JOSE VASCONCELOS DE ANDRADE from IP 127.0.1.1</message>
</record>
</log>
<?xml version="1.0" encoding="UTF-8" standalone="no"?>
<!DOCTYPE log SYSTEM "logger.dtd">
<log>
<record>
  <date>2017-02-15T21:16:54.171-0300</date>
  <logger>ADBYS JOSE VASCONCELOS DE ANDRADE</logger>
  <level>FINE</level>
  <message>File 116110498-ADBYS JOSE VASCONCELOS DE ANDRADE.zip was received. It was sent by ADBYS JOSE VASCONCELOS DE ANDRADE from IP 127.0.1.1</message>
</record>
</log>
<?xml version="1.0" encoding="UTF-8" standalone="no"?>
<!DOCTYPE log SYSTEM "logger.dtd">
<log>
<record>
  <date>2017-02-15T21:18:32.560-0300</date>
  <logger>ADBYS JOSE VASCONCELOS DE ANDRADE</logger>
  <level>FINE</level>
  <message>File 116110498-ADBYS JOSE VASCONCELOS DE ANDRADE.zip was received. It was sent by ADBYS JOSE VASCONCELOS DE ANDRADE from IP 127.0.1.1</message>
</record>
