<?xml version="1.0" encoding="UTF-8" standalone="no"?>
<!DOCTYPE log SYSTEM "logger.dtd">
<log>
<record>
  <date>2017-02-20T14:13:42.463-0300</date>
  <logger>ADBYS JOSE VASCONCELOS DE ANDRADE</logger>
  <level>FINE</level>
  <message>File 116110498-ADBYS JOSE VASCONCELOS DE ANDRADE.zip was received. It was sent by ADBYS JOSE VASCONCELOS DE ANDRADE from IP 192.168.1.140</message>
</record>
</log>
<?xml version="1.0" encoding="UTF-8" standalone="no"?>
<!DOCTYPE log SYSTEM "logger.dtd">
<log>
<record>
  <date>2017-02-21T21:55:21.685-0300</date>
  <logger>ADBYS JOSE VASCONCELOS DE ANDRADE</logger>
  <level>FINE</level>
  <message>File 116110498-ADBYS JOSE VASCONCELOS DE ANDRADE.zip was received. It was sent by ADBYS JOSE VASCONCELOS DE ANDRADE from IP 127.0.1.1</message>
</record>
</log>
<?xml version="1.0" encoding="UTF-8" standalone="no"?>
<!DOCTYPE log SYSTEM "logger.dtd">
<log>
<record>
  <date>2017-02-22T07:30:34.537-0300</date>
  <logger>ADBYS JOSE VASCONCELOS DE ANDRADE</logger>
  <level>FINE</level>
  <message>File 116110498-ADBYS JOSE VASCONCELOS DE ANDRADE.zip was received. It was sent by ADBYS JOSE VASCONCELOS DE ANDRADE from IP 127.0.1.1</message>
</record>
</log>
<?xml version="1.0" encoding="UTF-8" standalone="no"?>
<!DOCTYPE log SYSTEM "logger.dtd">
<log>
<record>
  <date>2017-02-22T07:41:34.382-0300</date>
  <logger>ADBYS JOSE VASCONCELOS DE ANDRADE</logger>
  <level>FINE</level>
  <message>File 116110498-ADBYS JOSE VASCONCELOS DE ANDRADE.zip was received. It was sent by ADBYS JOSE VASCONCELOS DE ANDRADE from IP 127.0.1.1</message>
</record>
</log>
<?xml version="1.0" encoding="UTF-8" standalone="no"?>
<!DOCTYPE log SYSTEM "logger.dtd">
<log>
<record>
  <date>2017-02-22T08:21:27.836-0300</date>
  <logger>ADBYS JOSE VASCONCELOS DE ANDRADE</logger>
  <level>FINE</level>
  <message>File 116110498-ADBYS JOSE VASCONCELOS DE ANDRADE.zip was received. It was sent by ADBYS JOSE VASCONCELOS DE ANDRADE from IP 127.0.1.1</message>
</record>
</log>
<?xml version="1.0" encoding="UTF-8" standalone="no"?>
<!DOCTYPE log SYSTEM "logger.dtd">
<log>
<record>
  <date>2017-02-22T10:39:09.715-0300</date>
  <logger>ADBYS JOSE VASCONCELOS DE ANDRADE</logger>
  <level>FINE</level>
  <message>File 116110498-ADBYS JOSE VASCONCELOS DE ANDRADE.zip was received. It was sent by ADBYS JOSE VASCONCELOS DE ANDRADE from IP 127.0.1.1</message>
</record>
