<?xml version="1.0" encoding="UTF-8" standalone="no"?>
<!DOCTYPE log SYSTEM "logger.dtd">
<log>
<record>
  <date>2017-02-08T16:21:28.980-0300</date>
  <logger>ADBYS JOSE VASCONCELOS DE ANDRADE</logger>
  <level>FINE</level>
  <message>File 116110498-ADBYS JOSE VASCONCELOS DE ANDRADE.zip was received. It was sent by ADBYS JOSE VASCONCELOS DE ANDRADE from IP 192.168.1.140</message>
</record>
</log>
<?xml version="1.0" encoding="UTF-8" standalone="no"?>
<!DOCTYPE log SYSTEM "logger.dtd">
<log>
<record>
  <date>2017-02-09T22:33:29.880-0300</date>
  <logger>ADBYS JOSE VASCONCELOS DE ANDRADE</logger>
  <level>FINE</level>
  <message>File 116110498-ADBYS JOSE VASCONCELOS DE ANDRADE.zip was received. It was sent by ADBYS JOSE VASCONCELOS DE ANDRADE from IP 127.0.1.1</message>
</record>
</log>
<?xml version="1.0" encoding="UTF-8" standalone="no"?>
<!DOCTYPE log SYSTEM "logger.dtd">
<log>
<record>
  <date>2017-02-09T23:48:10.412-0300</date>
  <logger>ADBYS JOSE VASCONCELOS DE ANDRADE</logger>
  <level>FINE</level>
  <message>File 116110498-ADBYS JOSE VASCONCELOS DE ANDRADE.zip was received. It was sent by ADBYS JOSE VASCONCELOS DE ANDRADE from IP 127.0.1.1</message>
</record>
